<?xml version="1.0" encoding="UTF-8"?>
<testsuite name="org.luismore.hlvsapi.HlvsApiApplicationTests" tests="1" skipped="0" failures="0" errors="0" timestamp="2024-07-07T20:44:37" hostname="MARIOV" time="0.484">
  <properties/>
  <testcase name="contextLoads()" classname="org.luismore.hlvsapi.HlvsApiApplicationTests" time="0.484"/>
  <system-out><![CDATA[14:44:18.163 [Test worker] INFO org.springframework.test.context.support.AnnotationConfigContextLoaderUtils -- Could not detect default configuration classes for test class [org.luismore.hlvsapi.HlvsApiApplicationTests]: HlvsApiApplicationTests does not declare any static, non-private, non-final, nested classes annotated with @Configuration.
14:44:18.298 [Test worker] INFO org.springframework.boot.test.context.SpringBootTestContextBootstrapper -- Found @SpringBootConfiguration org.luismore.hlvsapi.HlvsApiApplication for test class org.luismore.hlvsapi.HlvsApiApplicationTests
  .   ____          _            __ _ _
 /\\ / ___'_ __ _ _(_)_ __  __ _ \ \ \ \
( ( )\___ | '_ | '_| | '_ \/ _` | \ \ \ \
 \\/  ___)| |_)| | | | | || (_| |  ) ) ) )
  '  |____| .__|_| |_|_| |_\__, | / / / /
 =========|_|==============|___/=/_/_/_/

 :: Spring Boot ::                (v3.3.0)

2024-07-07T14:44:18.757-06:00  INFO 16928 --- [HLVS-API] [    Test worker] o.l.hlvsapi.HlvsApiApplicationTests      : Starting HlvsApiApplicationTests using Java 17.0.11 with PID 16928 (started by luism in C:\Users\luism\Desktop\HLVS-API)
2024-07-07T14:44:18.758-06:00  INFO 16928 --- [HLVS-API] [    Test worker] o.l.hlvsapi.HlvsApiApplicationTests      : No active profile set, falling back to 1 default profile: "default"
2024-07-07T14:44:20.048-06:00  INFO 16928 --- [HLVS-API] [    Test worker] .s.d.r.c.RepositoryConfigurationDelegate : Bootstrapping Spring Data JPA repositories in DEFAULT mode.
2024-07-07T14:44:20.168-06:00  INFO 16928 --- [HLVS-API] [    Test worker] .s.d.r.c.RepositoryConfigurationDelegate : Finished Spring Data repository scanning in 105 ms. Found 12 JPA repository interfaces.
2024-07-07T14:44:20.737-06:00  INFO 16928 --- [HLVS-API] [    Test worker] o.hibernate.jpa.internal.util.LogHelper  : HHH000204: Processing PersistenceUnitInfo [name: default]
2024-07-07T14:44:20.811-06:00  INFO 16928 --- [HLVS-API] [    Test worker] org.hibernate.Version                    : HHH000412: Hibernate ORM core version 6.5.2.Final
2024-07-07T14:44:20.818-06:00  WARN 16928 --- [HLVS-API] [    Test worker] .h.j.b.i.EntityManagerFactoryBuilderImpl : HHH000059: Defining hibernate.transaction.flush_before_completion=true ignored in HEM
2024-07-07T14:44:20.865-06:00  INFO 16928 --- [HLVS-API] [    Test worker] o.h.c.internal.RegionFactoryInitiator    : HHH000026: Second-level cache disabled
2024-07-07T14:44:21.229-06:00  INFO 16928 --- [HLVS-API] [    Test worker] o.s.o.j.p.SpringPersistenceUnitInfo      : No LoadTimeWeaver setup: ignoring JPA class transformer
2024-07-07T14:44:21.261-06:00  INFO 16928 --- [HLVS-API] [    Test worker] com.zaxxer.hikari.HikariDataSource       : HikariPool-1 - Starting...
2024-07-07T14:44:22.979-06:00  INFO 16928 --- [HLVS-API] [    Test worker] com.zaxxer.hikari.pool.HikariPool        : HikariPool-1 - Added connection org.postgresql.jdbc.PgConnection@362be0cd
2024-07-07T14:44:22.988-06:00  INFO 16928 --- [HLVS-API] [    Test worker] com.zaxxer.hikari.HikariDataSource       : HikariPool-1 - Start completed.
2024-07-07T14:44:24.884-06:00  INFO 16928 --- [HLVS-API] [    Test worker] o.h.e.t.j.p.i.JtaPlatformInitiator       : HHH000489: No JTA platform available (set 'hibernate.transaction.jta.platform' to enable JTA platform integration)
2024-07-07T14:44:35.337-06:00  INFO 16928 --- [HLVS-API] [    Test worker] j.LocalContainerEntityManagerFactoryBean : Initialized JPA EntityManagerFactory for persistence unit 'default'
2024-07-07T14:44:36.015-06:00  INFO 16928 --- [HLVS-API] [    Test worker] o.s.d.j.r.query.QueryEnhancerFactory     : Hibernate is in classpath; If applicable, HQL parser will be used.
2024-07-07T14:44:36.586-06:00  WARN 16928 --- [HLVS-API] [    Test worker] JpaBaseConfiguration$JpaWebConfiguration : spring.jpa.open-in-view is enabled by default. Therefore, database queries may be performed during view rendering. Explicitly configure spring.jpa.open-in-view to disable this warning
2024-07-07T14:44:36.607-06:00  INFO 16928 --- [HLVS-API] [    Test worker] r$InitializeUserDetailsManagerConfigurer : Global AuthenticationManager configured with UserDetailsService bean with name userDetailsService
2024-07-07T14:44:36.991-06:00  INFO 16928 --- [HLVS-API] [    Test worker] o.s.s.web.DefaultSecurityFilterChain     : Will secure any request with [org.springframework.security.web.session.DisableEncodeUrlFilter@1b3fff29, org.springframework.security.web.context.request.async.WebAsyncManagerIntegrationFilter@4f90b4c9, org.springframework.security.web.context.SecurityContextHolderFilter@3a2f4611, org.springframework.security.web.header.HeaderWriterFilter@fcecc45, org.springframework.web.filter.CorsFilter@16fc3be9, org.springframework.security.web.authentication.logout.LogoutFilter@12e33c7b, org.luismore.hlvsapi.utils.JWTTokenFilter@32dab011, org.springframework.security.web.authentication.www.BasicAuthenticationFilter@6ddab96c, org.springframework.security.web.savedrequest.RequestCacheAwareFilter@19710bd9, org.springframework.security.web.servletapi.SecurityContextHolderAwareRequestFilter@6bc6400e, org.springframework.security.web.authentication.AnonymousAuthenticationFilter@5afd2f4e, org.springframework.security.web.session.SessionManagementFilter@3fa13835, org.springframework.security.web.access.ExceptionTranslationFilter@34ef9879, org.springframework.security.web.access.intercept.AuthorizationFilter@40e28324]
2024-07-07T14:44:37.339-06:00  INFO 16928 --- [HLVS-API] [    Test worker] o.l.hlvsapi.HlvsApiApplicationTests      : Started HlvsApiApplicationTests in 18.859 seconds (process running for 20.111)
]]></system-out>
  <system-err><![CDATA[]]></system-err>
</testsuite>
